[05/Jun/2025:11:00:05 +0200] [upstream] Upstream starting: /usr/alwaysdata/apache/2.4.59/bin/apache -f /home/tilorgan/admin/config/apache/apache.conf -D FOREGROUND (env: {'HOME': '/home/tilorgan', 'LANG': 'en_US.UTF-8', 'LC_ALL': 'en_US.UTF-8', 'PATH': '/home/tilorgan/.local/bin:/home/tilorgan/.local/share/gem/ruby/3.3.0/bin:/home/tilorgan/.gem/ruby/3.3.0/bin:/home/tilorgan/.composer/vendor/bin:/home/tilorgan/.npm-packages/bin:/usr/local/bin:/usr/bin:/bin', 'TMPDIR': '/home/tilorgan/admin/tmp', 'APACHE_ROOT': '/usr/alwaysdata/apache/2.4.59'}, cwd: /home/tilorgan/)
[05/Jun/2025:11:00:05 +0200] [upstream] Upstream started PID: 1306318
[05/Jun/2025:11:02:32 +0200] [upstream] Upstream starting: node server.js (env: {'HOME': '/home/tilorgan', 'LANG': 'en_US.UTF-8', 'LC_ALL': 'en_US.UTF-8', 'PATH': '/home/tilorgan/.local/bin:/home/tilorgan/.local/share/gem/ruby/3.3.0/bin:/home/tilorgan/.gem/ruby/3.3.0/bin:/home/tilorgan/.composer/vendor/bin:/home/tilorgan/.npm-packages/bin:/usr/local/bin:/usr/bin:/bin', 'TMPDIR': '/home/tilorgan/admin/tmp', 'NODEJS_VERSION': '', 'HOST': 'fd00::6:60dc', 'PORT': '8100', 'IP': 'fd00::6:60dc'}, cwd: /home/tilorgan/)
[05/Jun/2025:11:02:32 +0200] [upstream] Upstream started PID: 1312136
[05/Jun/2025:11:02:33 +0200] [upstream] [1312136] STDOUT: Example app listening on port 80!
[05/Jun/2025:11:02:33 +0200] [upstream] [1312136] Upstream stopped (reason: exited spontaneously with return code N/A)
[05/Jun/2025:11:02:33 +0200] [upstream] Upstream starting: node server.js (env: {'HOME': '/home/tilorgan', 'LANG': 'en_US.UTF-8', 'LC_ALL': 'en_US.UTF-8', 'PATH': '/home/tilorgan/.local/bin:/home/tilorgan/.local/share/gem/ruby/3.3.0/bin:/home/tilorgan/.gem/ruby/3.3.0/bin:/home/tilorgan/.composer/vendor/bin:/home/tilorgan/.npm-packages/bin:/usr/local/bin:/usr/bin:/bin', 'TMPDIR': '/home/tilorgan/admin/tmp', 'NODEJS_VERSION': '', 'HOST': 'fd00::6:60dc', 'PORT': '8100', 'IP': 'fd00::6:60dc'}, cwd: /home/tilorgan/)
[05/Jun/2025:11:02:33 +0200] [upstream] Upstream started PID: 1312150
[05/Jun/2025:11:02:33 +0200] [upstream] [1312150] STDOUT: Example app listening on port 80!
[05/Jun/2025:11:02:33 +0200] [upstream] [1312150] Upstream stopped (reason: exited spontaneously with return code N/A)
[05/Jun/2025:11:02:33 +0200] [upstream] Upstream starting: node server.js (env: {'HOME': '/home/tilorgan', 'LANG': 'en_US.UTF-8', 'LC_ALL': 'en_US.UTF-8', 'PATH': '/home/tilorgan/.local/bin:/home/tilorgan/.local/share/gem/ruby/3.3.0/bin:/home/tilorgan/.gem/ruby/3.3.0/bin:/home/tilorgan/.composer/vendor/bin:/home/tilorgan/.npm-packages/bin:/usr/local/bin:/usr/bin:/bin', 'TMPDIR': '/home/tilorgan/admin/tmp', 'NODEJS_VERSION': '', 'HOST': 'fd00::6:60dc', 'PORT': '8100', 'IP': 'fd00::6:60dc'}, cwd: /home/tilorgan/)
[05/Jun/2025:11:02:33 +0200] [upstream] Upstream started PID: 1312168
[05/Jun/2025:11:02:33 +0200] [upstream] [1312168] STDOUT: Example app listening on port 80!
[05/Jun/2025:11:02:33 +0200] [upstream] [1312168] Upstream stopped (reason: exited spontaneously with return code N/A)
[05/Jun/2025:11:02:34 +0200] [upstream] Upstream starting: node server.js (env: {'HOME': '/home/tilorgan', 'LANG': 'en_US.UTF-8', 'LC_ALL': 'en_US.UTF-8', 'PATH': '/home/tilorgan/.local/bin:/home/tilorgan/.local/share/gem/ruby/3.3.0/bin:/home/tilorgan/.gem/ruby/3.3.0/bin:/home/tilorgan/.composer/vendor/bin:/home/tilorgan/.npm-packages/bin:/usr/local/bin:/usr/bin:/bin', 'TMPDIR': '/home/tilorgan/admin/tmp', 'NODEJS_VERSION': '', 'HOST': 'fd00::6:60dc', 'PORT': '8100', 'IP': 'fd00::6:60dc'}, cwd: /home/tilorgan/)
[05/Jun/2025:11:02:34 +0200] [upstream] Upstream started PID: 1312185
[05/Jun/2025:11:02:34 +0200] [upstream] [1312185] STDOUT: Example app listening on port 80!
[05/Jun/2025:11:02:34 +0200] [upstream] [1312185] Upstream stopped (reason: exited spontaneously with return code N/A)
[05/Jun/2025:11:02:36 +0200] [upstream] Upstream starting: node server.js (env: {'HOME': '/home/tilorgan', 'LANG': 'en_US.UTF-8', 'LC_ALL': 'en_US.UTF-8', 'PATH': '/home/tilorgan/.local/bin:/home/tilorgan/.local/share/gem/ruby/3.3.0/bin:/home/tilorgan/.gem/ruby/3.3.0/bin:/home/tilorgan/.composer/vendor/bin:/home/tilorgan/.npm-packages/bin:/usr/local/bin:/usr/bin:/bin', 'TMPDIR': '/home/tilorgan/admin/tmp', 'NODEJS_VERSION': '', 'HOST': 'fd00::6:60dc', 'PORT': '8100', 'IP': 'fd00::6:60dc'}, cwd: /home/tilorgan/)
[05/Jun/2025:11:02:36 +0200] [upstream] Upstream started PID: 1312245
[05/Jun/2025:11:02:36 +0200] [upstream] [1312245] STDOUT: Example app listening on port 80!
[05/Jun/2025:11:02:36 +0200] [upstream] [1312245] Upstream stopped (reason: exited spontaneously with return code N/A)
[05/Jun/2025:11:02:40 +0200] [upstream] Upstream starting: node server.js (env: {'HOME': '/home/tilorgan', 'LANG': 'en_US.UTF-8', 'LC_ALL': 'en_US.UTF-8', 'PATH': '/home/tilorgan/.local/bin:/home/tilorgan/.local/share/gem/ruby/3.3.0/bin:/home/tilorgan/.gem/ruby/3.3.0/bin:/home/tilorgan/.composer/vendor/bin:/home/tilorgan/.npm-packages/bin:/usr/local/bin:/usr/bin:/bin', 'TMPDIR': '/home/tilorgan/admin/tmp', 'NODEJS_VERSION': '', 'HOST': 'fd00::6:60dc', 'PORT': '8100', 'IP': 'fd00::6:60dc'}, cwd: /home/tilorgan/)
[05/Jun/2025:11:02:40 +0200] [upstream] Upstream started PID: 1312292
[05/Jun/2025:11:02:40 +0200] [upstream] [1312292] STDOUT: Example app listening on port 80!
[05/Jun/2025:11:02:40 +0200] [upstream] [1312292] Upstream stopped (reason: exited spontaneously with return code N/A)
[05/Jun/2025:11:02:48 +0200] [upstream] Upstream starting: node server.js (env: {'HOME': '/home/tilorgan', 'LANG': 'en_US.UTF-8', 'LC_ALL': 'en_US.UTF-8', 'PATH': '/home/tilorgan/.local/bin:/home/tilorgan/.local/share/gem/ruby/3.3.0/bin:/home/tilorgan/.gem/ruby/3.3.0/bin:/home/tilorgan/.composer/vendor/bin:/home/tilorgan/.npm-packages/bin:/usr/local/bin:/usr/bin:/bin', 'TMPDIR': '/home/tilorgan/admin/tmp', 'NODEJS_VERSION': '', 'HOST': 'fd00::6:60dc', 'PORT': '8100', 'IP': 'fd00::6:60dc'}, cwd: /home/tilorgan/)
[05/Jun/2025:11:02:48 +0200] [upstream] Upstream started PID: 1312662
[05/Jun/2025:11:02:48 +0200] [upstream] [1312662] STDOUT: Example app listening on port 80!
[05/Jun/2025:11:02:48 +0200] [upstream] [1312662] Upstream stopped (reason: exited spontaneously with return code N/A)
[05/Jun/2025:11:03:04 +0200] [upstream] Upstream starting: node server.js (env: {'HOME': '/home/tilorgan', 'LANG': 'en_US.UTF-8', 'LC_ALL': 'en_US.UTF-8', 'PATH': '/home/tilorgan/.local/bin:/home/tilorgan/.local/share/gem/ruby/3.3.0/bin:/home/tilorgan/.gem/ruby/3.3.0/bin:/home/tilorgan/.composer/vendor/bin:/home/tilorgan/.npm-packages/bin:/usr/local/bin:/usr/bin:/bin', 'TMPDIR': '/home/tilorgan/admin/tmp', 'NODEJS_VERSION': '', 'HOST': 'fd00::6:60dc', 'PORT': '8100', 'IP': 'fd00::6:60dc'}, cwd: /home/tilorgan/)
[05/Jun/2025:11:03:04 +0200] [upstream] Upstream started PID: 1313700
[05/Jun/2025:11:03:04 +0200] [upstream] [1313700] STDOUT: Example app listening on port 80!
[05/Jun/2025:11:03:04 +0200] [upstream] [1313700] Upstream stopped (reason: exited spontaneously with return code N/A)
[05/Jun/2025:11:03:36 +0200] [upstream] Upstream starting: node server.js (env: {'HOME': '/home/tilorgan', 'LANG': 'en_US.UTF-8', 'LC_ALL': 'en_US.UTF-8', 'PATH': '/home/tilorgan/.local/bin:/home/tilorgan/.local/share/gem/ruby/3.3.0/bin:/home/tilorgan/.gem/ruby/3.3.0/bin:/home/tilorgan/.composer/vendor/bin:/home/tilorgan/.npm-packages/bin:/usr/local/bin:/usr/bin:/bin', 'TMPDIR': '/home/tilorgan/admin/tmp', 'NODEJS_VERSION': '', 'HOST': 'fd00::6:60dc', 'PORT': '8100', 'IP': 'fd00::6:60dc'}, cwd: /home/tilorgan/)
[05/Jun/2025:11:03:36 +0200] [upstream] Upstream started PID: 1315526
[05/Jun/2025:11:03:36 +0200] [upstream] [1315526] STDOUT: Example app listening on port 80!
[05/Jun/2025:11:03:36 +0200] [upstream] [1315526] Upstream stopped (reason: exited spontaneously with return code N/A)
