[05/Jun/2025:10:44:53 +0200] [2666400] tilorgan - service: 12788 started (command: 'npm run run' - pid: 2666400)
[05/Jun/2025:10:44:54 +0200] [2666400] STDOUT: 
[05/Jun/2025:10:44:54 +0200] [2666400] STDOUT: > server@1.0.0 run
[05/Jun/2025:10:44:54 +0200] [2666400] STDOUT: > nodemon main.js
[05/Jun/2025:10:44:54 +0200] [2666400] STDOUT: 
[05/Jun/2025:10:44:54 +0200] [2666400] STDERR: sh: 1: nodemon: Permission denied
[05/Jun/2025:10:44:54 +0200] [2666400] tilorgan - service: 12788 finished after 0.224 seconds, exit code: 127 (command: 'npm run run' - pid: 2666400)
[05/Jun/2025:10:44:55 +0200] [2666434] tilorgan - service: 12788 started (command: 'npm run run' - pid: 2666434)
[05/Jun/2025:10:44:55 +0200] [2666434] STDOUT: 
[05/Jun/2025:10:44:55 +0200] [2666434] STDOUT: > server@1.0.0 run
[05/Jun/2025:10:44:55 +0200] [2666434] STDOUT: > nodemon main.js
[05/Jun/2025:10:44:55 +0200] [2666434] STDOUT: 
[05/Jun/2025:10:44:55 +0200] [2666434] STDERR: sh: 1: nodemon: Permission denied
[05/Jun/2025:10:44:55 +0200] [2666434] tilorgan - service: 12788 finished after 0.202 seconds, exit code: 127 (command: 'npm run run' - pid: 2666434)
[05/Jun/2025:10:44:56 +0200] [2666475] tilorgan - service: 12788 started (command: 'npm run run' - pid: 2666475)
[05/Jun/2025:10:44:56 +0200] [2666475] STDOUT: 
[05/Jun/2025:10:44:56 +0200] [2666475] STDOUT: > server@1.0.0 run
[05/Jun/2025:10:44:56 +0200] [2666475] STDOUT: > nodemon main.js
[05/Jun/2025:10:44:56 +0200] [2666475] STDOUT: 
[05/Jun/2025:10:44:56 +0200] [2666475] STDERR: sh: 1: nodemon: Permission denied
[05/Jun/2025:10:44:56 +0200] [2666475] tilorgan - service: 12788 finished after 0.196 seconds, exit code: 127 (command: 'npm run run' - pid: 2666475)
[05/Jun/2025:10:44:57 +0200] [2666506] tilorgan - service: 12788 started (command: 'npm run run' - pid: 2666506)
[05/Jun/2025:10:44:57 +0200] [2666506] STDOUT: 
[05/Jun/2025:10:44:57 +0200] [2666506] STDOUT: > server@1.0.0 run
[05/Jun/2025:10:44:57 +0200] [2666506] STDOUT: > nodemon main.js
[05/Jun/2025:10:44:57 +0200] [2666506] STDOUT: 
[05/Jun/2025:10:44:57 +0200] [2666506] STDERR: sh: 1: nodemon: Permission denied
[05/Jun/2025:10:44:57 +0200] [2666506] tilorgan - service: 12788 finished after 0.184 seconds, exit code: 127 (command: 'npm run run' - pid: 2666506)
[05/Jun/2025:10:44:59 +0200] [2666542] tilorgan - service: 12788 started (command: 'npm run run' - pid: 2666542)
[05/Jun/2025:10:44:59 +0200] [2666542] STDOUT: 
[05/Jun/2025:10:44:59 +0200] [2666542] STDOUT: > server@1.0.0 run
[05/Jun/2025:10:44:59 +0200] [2666542] STDOUT: > nodemon main.js
[05/Jun/2025:10:44:59 +0200] [2666542] STDOUT: 
[05/Jun/2025:10:44:59 +0200] [2666542] STDERR: sh: 1: nodemon: Permission denied
[05/Jun/2025:10:44:59 +0200] [2666542] tilorgan - service: 12788 finished after 0.203 seconds, exit code: 127 (command: 'npm run run' - pid: 2666542)
[05/Jun/2025:10:45:00 +0200] [2666581] tilorgan - service: 12788 started (command: 'npm run run' - pid: 2666581)
[05/Jun/2025:10:45:00 +0200] [2666581] STDOUT: 
[05/Jun/2025:10:45:00 +0200] [2666581] STDOUT: > server@1.0.0 run
[05/Jun/2025:10:45:00 +0200] [2666581] STDOUT: > nodemon main.js
[05/Jun/2025:10:45:00 +0200] [2666581] STDOUT: 
[05/Jun/2025:10:45:00 +0200] [2666581] STDERR: sh: 1: nodemon: Permission denied
[05/Jun/2025:10:45:00 +0200] [2666581] tilorgan - service: 12788 finished after 0.2 seconds, exit code: 127 (command: 'npm run run' - pid: 2666581)
[05/Jun/2025:10:45:00 +0200] [N/A] tilorgan - service: 12788 Service 12788 stopped (maximum restart attempts reached)
[05/Jun/2025:10:46:13 +0200] [2666581] tilorgan - service: 12788 restart requested
[05/Jun/2025:10:46:14 +0200] [2667175] tilorgan - service: 12788 started (command: 'npm run run' - pid: 2667175)
[05/Jun/2025:10:46:15 +0200] [2667175] STDOUT: 
[05/Jun/2025:10:46:15 +0200] [2667175] STDOUT: > server@1.0.0 run
[05/Jun/2025:10:46:15 +0200] [2667175] STDOUT: > node main.js
[05/Jun/2025:10:46:15 +0200] [2667175] STDOUT: 
[05/Jun/2025:10:46:15 +0200] [2667175] STDOUT: Example app listening on port 4444!
[05/Jun/2025:10:46:21 +0200] [2667175] tilorgan - service: 12788 finished after 7.065 seconds (uncaught signal SIGTERM) (command: 'npm run run' - pid: 2667175)
