0 verbose cli /usr/alwaysdata/nodejs/20.19.0/bin/node /usr/alwaysdata/nodejs/20/bin/npm
1 info using npm@10.8.2
2 info using node@v20.19.0
3 silly config load:file:/usr/alwaysdata/nodejs/20.19.0/lib/node_modules/npm/npmrc
4 silly config load:file:/home/tilorgan/til-o-rgan/.npmrc
5 silly config load:file:/home/tilorgan/.npmrc
6 silly config load:file:/etc/npmrc
7 verbose title npm i
8 verbose argv "i"
9 verbose logfile logs-max:10 dir:/home/tilorgan/.npm/_logs/2025-05-30T16_33_00_864Z-
10 verbose logfile /home/tilorgan/.npm/_logs/2025-05-30T16_33_00_864Z-debug-0.log
11 silly packumentCache heap:4345298944 maxSize:1086324736 maxEntrySize:543162368
12 silly logfile done cleaning log files
13 silly idealTree buildDeps
14 verbose shrinkwrap failed to load node_modules/.package-lock.json out of date, updated: node_modules
15 http fetch GET 200 https://registry.npmjs.org/npm 103ms
16 silly reify moves {}
17 silly audit bulk request {
17 silly audit   '@telegraf/types': [ '7.1.0' ],
17 silly audit   'abort-controller': [ '3.0.0' ],
17 silly audit   accepts: [ '2.0.0' ],
17 silly audit   anymatch: [ '3.1.3' ],
17 silly audit   'balanced-match': [ '1.0.2' ],
17 silly audit   'binary-extensions': [ '2.3.0' ],
17 silly audit   'body-parser': [ '2.2.0' ],
17 silly audit   'brace-expansion': [ '1.1.11' ],
17 silly audit   braces: [ '3.0.3' ],
17 silly audit   'buffer-alloc': [ '1.2.0' ],
17 silly audit   'buffer-alloc-unsafe': [ '1.1.0' ],
17 silly audit   'buffer-fill': [ '1.0.0' ],
17 silly audit   bytes: [ '3.1.2' ],
17 silly audit   'call-bind-apply-helpers': [ '1.0.2' ],
17 silly audit   'call-bound': [ '1.0.4' ],
17 silly audit   chokidar: [ '3.6.0' ],
17 silly audit   'concat-map': [ '0.0.1' ],
17 silly audit   'content-disposition': [ '1.0.0' ],
17 silly audit   'content-type': [ '1.0.5' ],
17 silly audit   cookie: [ '0.7.2' ],
17 silly audit   'cookie-signature': [ '1.2.2' ],
17 silly audit   debug: [ '4.4.1' ],
17 silly audit   depd: [ '2.0.0' ],
17 silly audit   dotenv: [ '16.5.0' ],
17 silly audit   'dunder-proto': [ '1.0.1' ],
17 silly audit   'ee-first': [ '1.1.1' ],
17 silly audit   encodeurl: [ '2.0.0' ],
17 silly audit   'es-define-property': [ '1.0.1' ],
17 silly audit   'es-errors': [ '1.3.0' ],
17 silly audit   'es-object-atoms': [ '1.1.1' ],
17 silly audit   'escape-html': [ '1.0.3' ],
17 silly audit   etag: [ '1.8.1' ],
17 silly audit   'event-target-shim': [ '5.0.1' ],
17 silly audit   express: [ '5.1.0' ],
17 silly audit   'fill-range': [ '7.1.1' ],
17 silly audit   finalhandler: [ '2.1.0' ],
17 silly audit   forwarded: [ '0.2.0' ],
17 silly audit   fresh: [ '2.0.0' ],
17 silly audit   fsevents: [ '2.3.3' ],
17 silly audit   'function-bind': [ '1.1.2' ],
17 silly audit   'get-intrinsic': [ '1.3.0' ],
17 silly audit   'get-proto': [ '1.0.1' ],
17 silly audit   'glob-parent': [ '5.1.2' ],
17 silly audit   gopd: [ '1.2.0' ],
17 silly audit   'has-flag': [ '3.0.0' ],
17 silly audit   'has-symbols': [ '1.1.0' ],
17 silly audit   hasown: [ '2.0.2' ],
17 silly audit   'http-errors': [ '2.0.0' ],
17 silly audit   'iconv-lite': [ '0.6.3' ],
17 silly audit   'ignore-by-default': [ '1.0.1' ],
17 silly audit   inherits: [ '2.0.4' ],
17 silly audit   'ipaddr.js': [ '1.9.1' ],
17 silly audit   'is-binary-path': [ '2.1.0' ],
17 silly audit   'is-extglob': [ '2.1.1' ],
17 silly audit   'is-glob': [ '4.0.3' ],
17 silly audit   'is-number': [ '7.0.0' ],
17 silly audit   'is-promise': [ '4.0.0' ],
17 silly audit   'math-intrinsics': [ '1.1.0' ],
17 silly audit   'media-typer': [ '1.1.0' ],
17 silly audit   'merge-descriptors': [ '2.0.0' ],
17 silly audit   'mime-db': [ '1.54.0' ],
17 silly audit   'mime-types': [ '3.0.1' ],
17 silly audit   minimatch: [ '3.1.2' ],
17 silly audit   mri: [ '1.2.0' ],
17 silly audit   ms: [ '2.1.3' ],
17 silly audit   negotiator: [ '1.0.0' ],
17 silly audit   'node-cron': [ '4.0.7' ],
17 silly audit   'node-fetch': [ '2.7.0' ],
17 silly audit   nodemon: [ '3.1.10' ],
17 silly audit   'normalize-path': [ '3.0.0' ],
17 silly audit   'object-inspect': [ '1.13.4' ],
17 silly audit   'on-finished': [ '2.4.1' ],
17 silly audit   once: [ '1.4.0' ],
17 silly audit   'p-timeout': [ '4.1.0' ],
17 silly audit   parseurl: [ '1.3.3' ],
17 silly audit   'path-to-regexp': [ '8.2.0' ],
17 silly audit   pg: [ '8.16.0' ],
17 silly audit   'pg-cloudflare': [ '1.2.5' ],
17 silly audit   'pg-connection-string': [ '2.9.0' ],
17 silly audit   'pg-int8': [ '1.0.1' ],
17 silly audit   'pg-pool': [ '3.10.0' ],
17 silly audit   'pg-protocol': [ '1.10.0' ],
17 silly audit   'pg-types': [ '2.2.0' ],
17 silly audit   pgpass: [ '1.0.5' ],
17 silly audit   picomatch: [ '2.3.1' ],
17 silly audit   'postgres-array': [ '2.0.0' ],
17 silly audit   'postgres-bytea': [ '1.0.0' ],
17 silly audit   'postgres-date': [ '1.0.7' ],
17 silly audit   'postgres-interval': [ '1.2.0' ],
17 silly audit   'proxy-addr': [ '2.0.7' ],
17 silly audit   'pstree.remy': [ '1.1.8' ],
17 silly audit   qs: [ '6.14.0' ],
17 silly audit   'range-parser': [ '1.2.1' ],
17 silly audit   'raw-body': [ '3.0.0' ],
17 silly audit   readdirp: [ '3.6.0' ],
17 silly audit   router: [ '2.2.0' ],
17 silly audit   'safe-buffer': [ '5.2.1' ],
17 silly audit   'safe-compare': [ '1.1.4' ],
17 silly audit   'safer-buffer': [ '2.1.2' ],
17 silly audit   'sandwich-stream': [ '2.0.2' ],
17 silly audit   semver: [ '7.7.2' ],
17 silly audit   send: [ '1.2.0' ],
17 silly audit   'serve-static': [ '2.2.0' ],
17 silly audit   setprototypeof: [ '1.2.0' ],
17 silly audit   'side-channel': [ '1.1.0' ],
17 silly audit   'side-channel-list': [ '1.0.0' ],
17 silly audit   'side-channel-map': [ '1.0.1' ],
17 silly audit   'side-channel-weakmap': [ '1.0.2' ],
17 silly audit   'simple-update-notifier': [ '2.0.0' ],
17 silly audit   split2: [ '4.2.0' ],
17 silly audit   statuses: [ '2.0.1' ],
17 silly audit   'supports-color': [ '5.5.0' ],
17 silly audit   telegraf: [ '4.16.3' ],
17 silly audit   'to-regex-range': [ '5.0.1' ],
17 silly audit   toidentifier: [ '1.0.1' ],
17 silly audit   touch: [ '3.1.1' ],
17 silly audit   tr46: [ '0.0.3' ],
17 silly audit   'type-is': [ '2.0.1' ],
17 silly audit   undefsafe: [ '2.0.5' ],
17 silly audit   unpipe: [ '1.0.0' ],
17 silly audit   vary: [ '1.1.2' ],
17 silly audit   'webidl-conversions': [ '3.0.1' ],
17 silly audit   'whatwg-url': [ '5.0.0' ],
17 silly audit   wrappy: [ '1.0.2' ],
17 silly audit   xtend: [ '4.0.2' ]
17 silly audit }
18 verbose reify failed optional dependency /home/tilorgan/til-o-rgan/node_modules/fsevents
19 silly reify mark deleted [ '/home/tilorgan/til-o-rgan/node_modules/fsevents' ]
20 http fetch POST 200 https://registry.npmjs.org/-/npm/v1/security/advisories/bulk 189ms
21 silly audit report {}
22 silly ADD
23 verbose cwd /home/tilorgan/til-o-rgan
24 verbose os Linux 6.6.88-alwaysdata
25 verbose node v20.19.0
26 verbose npm  v10.8.2
27 notice
27 notice New [31mmajor[39m version of npm available! [31m10.8.2[39m -> [34m11.4.1[39m
27 notice Changelog: [34mhttps://github.com/npm/cli/releases/tag/v11.4.1[39m
27 notice To update run: [4mnpm install -g npm@11.4.1[24m
27 notice  { force: true, [Symbol(proc-log.meta)]: true }
28 verbose exit 0
29 info ok
