0 verbose cli /usr/alwaysdata/nodejs/20.19.0/bin/node /usr/alwaysdata/nodejs/20/bin/npm
1 info using npm@10.8.2
2 info using node@v20.19.0
3 silly config load:file:/usr/alwaysdata/nodejs/20.19.0/lib/node_modules/npm/npmrc
4 silly config load:file:/home/tilorgan/.npmrc
5 silly config load:file:/etc/npmrc
6 verbose title npm i dotenv
7 verbose argv "i" "dotenv"
8 verbose logfile logs-max:10 dir:/home/tilorgan/.npm/_logs/2025-06-05T09_05_22_811Z-
9 verbose logfile /home/tilorgan/.npm/_logs/2025-06-05T09_05_22_811Z-debug-0.log
10 silly packumentCache heap:4345298944 maxSize:1086324736 maxEntrySize:543162368
11 silly logfile done cleaning log files
12 silly idealTree buildDeps
13 silly fetch manifest dotenv@^16.5.0
14 silly packumentCache full:https://registry.npmjs.org/dotenv cache-miss
15 verbose shrinkwrap failed to load node_modules/.package-lock.json missing from node_modules: node_modules/fsevents
16 http fetch GET 200 https://registry.npmjs.org/dotenv 189ms (cache miss)
17 silly packumentCache full:https://registry.npmjs.org/dotenv set size:undefined disposed:false
18 silly placeDep ROOT dotenv@16.5.0 REPLACE for: server@1.0.0 want: ^16.5.0
19 silly reify moves {}
20 silly audit bulk request {
20 silly audit   '@telegraf/types': [ '7.1.0' ],
20 silly audit   'abort-controller': [ '3.0.0' ],
20 silly audit   accepts: [ '2.0.0' ],
20 silly audit   anymatch: [ '3.1.3' ],
20 silly audit   'balanced-match': [ '1.0.2' ],
20 silly audit   'binary-extensions': [ '2.3.0' ],
20 silly audit   'body-parser': [ '2.2.0' ],
20 silly audit   'brace-expansion': [ '1.1.11' ],
20 silly audit   braces: [ '3.0.3' ],
20 silly audit   'buffer-alloc': [ '1.2.0' ],
20 silly audit   'buffer-alloc-unsafe': [ '1.1.0' ],
20 silly audit   'buffer-fill': [ '1.0.0' ],
20 silly audit   bytes: [ '3.1.2' ],
20 silly audit   'call-bind-apply-helpers': [ '1.0.2' ],
20 silly audit   'call-bound': [ '1.0.4' ],
20 silly audit   chokidar: [ '3.6.0' ],
20 silly audit   'concat-map': [ '0.0.1' ],
20 silly audit   'content-disposition': [ '1.0.0' ],
20 silly audit   'content-type': [ '1.0.5' ],
20 silly audit   cookie: [ '0.7.2' ],
20 silly audit   'cookie-signature': [ '1.2.2' ],
20 silly audit   cors: [ '2.8.5' ],
20 silly audit   debug: [ '4.4.1' ],
20 silly audit   depd: [ '2.0.0' ],
20 silly audit   'dunder-proto': [ '1.0.1' ],
20 silly audit   'ee-first': [ '1.1.1' ],
20 silly audit   encodeurl: [ '2.0.0' ],
20 silly audit   'es-define-property': [ '1.0.1' ],
20 silly audit   'es-errors': [ '1.3.0' ],
20 silly audit   'es-object-atoms': [ '1.1.1' ],
20 silly audit   'escape-html': [ '1.0.3' ],
20 silly audit   etag: [ '1.8.1' ],
20 silly audit   'event-target-shim': [ '5.0.1' ],
20 silly audit   express: [ '5.1.0' ],
20 silly audit   'fill-range': [ '7.1.1' ],
20 silly audit   finalhandler: [ '2.1.0' ],
20 silly audit   forwarded: [ '0.2.0' ],
20 silly audit   fresh: [ '2.0.0' ],
20 silly audit   fsevents: [ '2.3.3' ],
20 silly audit   'function-bind': [ '1.1.2' ],
20 silly audit   'get-intrinsic': [ '1.3.0' ],
20 silly audit   'get-proto': [ '1.0.1' ],
20 silly audit   'glob-parent': [ '5.1.2' ],
20 silly audit   gopd: [ '1.2.0' ],
20 silly audit   'has-flag': [ '3.0.0' ],
20 silly audit   'has-symbols': [ '1.1.0' ],
20 silly audit   hasown: [ '2.0.2' ],
20 silly audit   'http-errors': [ '2.0.0' ],
20 silly audit   'iconv-lite': [ '0.6.3' ],
20 silly audit   'ignore-by-default': [ '1.0.1' ],
20 silly audit   inherits: [ '2.0.4' ],
20 silly audit   'ipaddr.js': [ '1.9.1' ],
20 silly audit   'is-binary-path': [ '2.1.0' ],
20 silly audit   'is-extglob': [ '2.1.1' ],
20 silly audit   'is-glob': [ '4.0.3' ],
20 silly audit   'is-number': [ '7.0.0' ],
20 silly audit   'is-promise': [ '4.0.0' ],
20 silly audit   'math-intrinsics': [ '1.1.0' ],
20 silly audit   'media-typer': [ '1.1.0' ],
20 silly audit   'merge-descriptors': [ '2.0.0' ],
20 silly audit   'mime-db': [ '1.54.0' ],
20 silly audit   'mime-types': [ '3.0.1' ],
20 silly audit   minimatch: [ '3.1.2' ],
20 silly audit   mri: [ '1.2.0' ],
20 silly audit   ms: [ '2.1.3' ],
20 silly audit   negotiator: [ '1.0.0' ],
20 silly audit   'node-cron': [ '4.0.7' ],
20 silly audit   'node-fetch': [ '2.7.0' ],
20 silly audit   nodemon: [ '3.1.10' ],
20 silly audit   'normalize-path': [ '3.0.0' ],
20 silly audit   'object-assign': [ '4.1.1' ],
20 silly audit   'object-inspect': [ '1.13.4' ],
20 silly audit   'on-finished': [ '2.4.1' ],
20 silly audit   once: [ '1.4.0' ],
20 silly audit   'p-timeout': [ '4.1.0' ],
20 silly audit   parseurl: [ '1.3.3' ],
20 silly audit   'path-to-regexp': [ '8.2.0' ],
20 silly audit   pg: [ '8.16.0' ],
20 silly audit   'pg-cloudflare': [ '1.2.5' ],
20 silly audit   'pg-connection-string': [ '2.9.0' ],
20 silly audit   'pg-int8': [ '1.0.1' ],
20 silly audit   'pg-pool': [ '3.10.0' ],
20 silly audit   'pg-protocol': [ '1.10.0' ],
20 silly audit   'pg-types': [ '2.2.0' ],
20 silly audit   pgpass: [ '1.0.5' ],
20 silly audit   picomatch: [ '2.3.1' ],
20 silly audit   'postgres-array': [ '2.0.0' ],
20 silly audit   'postgres-bytea': [ '1.0.0' ],
20 silly audit   'postgres-date': [ '1.0.7' ],
20 silly audit   'postgres-interval': [ '1.2.0' ],
20 silly audit   'proxy-addr': [ '2.0.7' ],
20 silly audit   'pstree.remy': [ '1.1.8' ],
20 silly audit   qs: [ '6.14.0' ],
20 silly audit   'range-parser': [ '1.2.1' ],
20 silly audit   'raw-body': [ '3.0.0' ],
20 silly audit   readdirp: [ '3.6.0' ],
20 silly audit   router: [ '2.2.0' ],
20 silly audit   'safe-buffer': [ '5.2.1' ],
20 silly audit   'safe-compare': [ '1.1.4' ],
20 silly audit   'safer-buffer': [ '2.1.2' ],
20 silly audit   'sandwich-stream': [ '2.0.2' ],
20 silly audit   semver: [ '7.7.2' ],
20 silly audit   send: [ '1.2.0' ],
20 silly audit   'serve-static': [ '2.2.0' ],
20 silly audit   setprototypeof: [ '1.2.0' ],
20 silly audit   'side-channel': [ '1.1.0' ],
20 silly audit   'side-channel-list': [ '1.0.0' ],
20 silly audit   'side-channel-map': [ '1.0.1' ],
20 silly audit   'side-channel-weakmap': [ '1.0.2' ],
20 silly audit   'simple-update-notifier': [ '2.0.0' ],
20 silly audit   split2: [ '4.2.0' ],
20 silly audit   statuses: [ '2.0.1' ],
20 silly audit   'supports-color': [ '5.5.0' ],
20 silly audit   telegraf: [ '4.16.3' ],
20 silly audit   'to-regex-range': [ '5.0.1' ],
20 silly audit   toidentifier: [ '1.0.1' ],
20 silly audit   touch: [ '3.1.1' ],
20 silly audit   tr46: [ '0.0.3' ],
20 silly audit   'type-is': [ '2.0.1' ],
20 silly audit   undefsafe: [ '2.0.5' ],
20 silly audit   unpipe: [ '1.0.0' ],
20 silly audit   vary: [ '1.1.2' ],
20 silly audit   'webidl-conversions': [ '3.0.1' ],
20 silly audit   'whatwg-url': [ '5.0.0' ],
20 silly audit   wrappy: [ '1.0.2' ],
20 silly audit   xtend: [ '4.0.2' ],
20 silly audit   dotenv: [ '16.5.0' ]
20 silly audit }
21 verbose reify failed optional dependency /home/tilorgan/node_modules/fsevents
22 silly reify mark deleted [ '/home/tilorgan/node_modules/fsevents' ]
23 http fetch POST 200 https://registry.npmjs.org/-/npm/v1/security/advisories/bulk 197ms
24 silly audit report {}
25 silly ADD
26 verbose cwd /home/tilorgan
27 verbose os Linux 6.6.88-alwaysdata
28 verbose node v20.19.0
29 verbose npm  v10.8.2
30 verbose exit 0
31 info ok
